{"C:\\Users\\krist\\OneDrive\\Documents\\GitHub\\test-typescript-vg-uppg\\app.ts": {"path":"C:\\Users\\krist\\OneDrive\\Documents\\GitHub\\test-typescript-vg-uppg\\app.ts","statementMap":{"0":{"start":{"line":1,"column":0},"end":{"line":1,"column":59}},"1":{"start":{"line":2,"column":0},"end":{"line":2,"column":32}},"2":{"start":{"line":4,"column":0},"end":{"line":4,"column":61}},"3":{"start":{"line":5,"column":0},"end":{"line":5,"column":63}},"4":{"start":{"line":6,"column":0},"end":{"line":6,"column":81}},"5":{"start":{"line":7,"column":0},"end":{"line":7,"column":67}},"6":{"start":{"line":8,"column":0},"end":{"line":8,"column":72}},"7":{"start":{"line":9,"column":0},"end":{"line":9,"column":47}},"8":{"start":{"line":17,"column":23},"end":{"line":90,"column":1}},"9":{"start":{"line":22,"column":14},"end":{"line":22,"column":23}},"10":{"start":{"line":23,"column":2},"end":{"line":23,"column":18}},"11":{"start":{"line":25,"column":2},"end":{"line":69,"column":5}},"12":{"start":{"line":25,"column":42},"end":{"line":69,"column":4}},"13":{"start":{"line":26,"column":19},"end":{"line":26,"column":21}},"14":{"start":{"line":28,"column":4},"end":{"line":30,"column":5}},"15":{"start":{"line":29,"column":6},"end":{"line":29,"column":54}},"16":{"start":{"line":31,"column":4},"end":{"line":33,"column":5}},"17":{"start":{"line":32,"column":6},"end":{"line":32,"column":53}},"18":{"start":{"line":34,"column":4},"end":{"line":36,"column":5}},"19":{"start":{"line":35,"column":6},"end":{"line":35,"column":50}},"20":{"start":{"line":37,"column":4},"end":{"line":39,"column":5}},"21":{"start":{"line":38,"column":6},"end":{"line":38,"column":59}},"22":{"start":{"line":40,"column":4},"end":{"line":42,"column":5}},"23":{"start":{"line":41,"column":6},"end":{"line":41,"column":52}},"24":{"start":{"line":43,"column":4},"end":{"line":45,"column":5}},"25":{"start":{"line":44,"column":6},"end":{"line":44,"column":52}},"26":{"start":{"line":46,"column":4},"end":{"line":48,"column":5}},"27":{"start":{"line":47,"column":6},"end":{"line":47,"column":49}},"28":{"start":{"line":49,"column":4},"end":{"line":51,"column":5}},"29":{"start":{"line":50,"column":6},"end":{"line":50,"column":52}},"30":{"start":{"line":52,"column":4},"end":{"line":68,"column":5}},"31":{"start":{"line":53,"column":6},"end":{"line":53,"column":46}},"32":{"start":{"line":55,"column":6},"end":{"line":55,"column":39}},"33":{"start":{"line":56,"column":6},"end":{"line":56,"column":38}},"34":{"start":{"line":57,"column":6},"end":{"line":57,"column":36}},"35":{"start":{"line":58,"column":6},"end":{"line":58,"column":54}},"36":{"start":{"line":59,"column":6},"end":{"line":59,"column":37}},"37":{"start":{"line":60,"column":6},"end":{"line":60,"column":40}},"38":{"start":{"line":61,"column":6},"end":{"line":61,"column":34}},"39":{"start":{"line":62,"column":6},"end":{"line":62,"column":37}},"40":{"start":{"line":63,"column":26},"end":{"line":63,"column":79}},"41":{"start":{"line":64,"column":25},"end":{"line":64,"column":73}},"42":{"start":{"line":65,"column":22},"end":{"line":65,"column":51}},"43":{"start":{"line":66,"column":6},"end":{"line":66,"column":24}},"44":{"start":{"line":67,"column":6},"end":{"line":67,"column":29}},"45":{"start":{"line":71,"column":2},"end":{"line":77,"column":5}},"46":{"start":{"line":71,"column":61},"end":{"line":77,"column":4}},"47":{"start":{"line":72,"column":36},"end":{"line":72,"column":55}},"48":{"start":{"line":73,"column":4},"end":{"line":73,"column":23}},"49":{"start":{"line":74,"column":4},"end":{"line":76,"column":5}},"50":{"start":{"line":75,"column":6},"end":{"line":75,"column":29}},"51":{"start":{"line":79,"column":2},"end":{"line":88,"column":5}},"52":{"start":{"line":79,"column":45},"end":{"line":88,"column":4}},"53":{"start":{"line":80,"column":4},"end":{"line":87,"column":5}},"54":{"start":{"line":81,"column":42},"end":{"line":81,"column":77}},"55":{"start":{"line":82,"column":6},"end":{"line":84,"column":7}},"56":{"start":{"line":83,"column":8},"end":{"line":83,"column":45}},"57":{"start":{"line":86,"column":6},"end":{"line":86,"column":64}},"58":{"start":{"line":89,"column":2},"end":{"line":89,"column":13}},"59":{"start":{"line":17,"column":13},"end":{"line":17,"column":23}}},"fnMap":{"0":{"name":"(anonymous_14)","decl":{"start":{"line":17,"column":23},"end":{"line":17,"column":24}},"loc":{"start":{"line":21,"column":15},"end":{"line":90,"column":1}}},"1":{"name":"(anonymous_15)","decl":{"start":{"line":25,"column":23},"end":{"line":25,"column":30}},"loc":{"start":{"line":25,"column":42},"end":{"line":69,"column":4}}},"2":{"name":"(anonymous_16)","decl":{"start":{"line":25,"column":42},"end":{"line":25,"column":null}},"loc":{"start":{"line":25,"column":42},"end":{"line":69,"column":3}}},"3":{"name":"(anonymous_17)","decl":{"start":{"line":71,"column":23},"end":{"line":71,"column":30}},"loc":{"start":{"line":71,"column":61},"end":{"line":77,"column":4}}},"4":{"name":"(anonymous_18)","decl":{"start":{"line":71,"column":61},"end":{"line":71,"column":null}},"loc":{"start":{"line":71,"column":61},"end":{"line":77,"column":3}}},"5":{"name":"(anonymous_19)","decl":{"start":{"line":79,"column":26},"end":{"line":79,"column":33}},"loc":{"start":{"line":79,"column":45},"end":{"line":88,"column":4}}},"6":{"name":"(anonymous_20)","decl":{"start":{"line":79,"column":45},"end":{"line":79,"column":null}},"loc":{"start":{"line":79,"column":45},"end":{"line":88,"column":3}}}},"branchMap":{"0":{"loc":{"start":{"line":28,"column":4},"end":{"line":30,"column":5}},"type":"if","locations":[{"start":{"line":28,"column":4},"end":{"line":30,"column":5}}]},"1":{"loc":{"start":{"line":28,"column":8},"end":{"line":28,"column":55}},"type":"binary-expr","locations":[{"start":{"line":28,"column":8},"end":{"line":28,"column":27}},{"start":{"line":28,"column":31},"end":{"line":28,"column":55}}]},"2":{"loc":{"start":{"line":31,"column":4},"end":{"line":33,"column":5}},"type":"if","locations":[{"start":{"line":31,"column":4},"end":{"line":33,"column":5}}]},"3":{"loc":{"start":{"line":31,"column":8},"end":{"line":31,"column":53}},"type":"binary-expr","locations":[{"start":{"line":31,"column":8},"end":{"line":31,"column":26}},{"start":{"line":31,"column":30},"end":{"line":31,"column":53}}]},"4":{"loc":{"start":{"line":34,"column":4},"end":{"line":36,"column":5}},"type":"if","locations":[{"start":{"line":34,"column":4},"end":{"line":36,"column":5}}]},"5":{"loc":{"start":{"line":34,"column":8},"end":{"line":34,"column":47}},"type":"binary-expr","locations":[{"start":{"line":34,"column":8},"end":{"line":34,"column":23}},{"start":{"line":34,"column":27},"end":{"line":34,"column":47}}]},"6":{"loc":{"start":{"line":37,"column":4},"end":{"line":39,"column":5}},"type":"if","locations":[{"start":{"line":37,"column":4},"end":{"line":39,"column":5}}]},"7":{"loc":{"start":{"line":37,"column":8},"end":{"line":37,"column":65}},"type":"binary-expr","locations":[{"start":{"line":37,"column":8},"end":{"line":37,"column":32}},{"start":{"line":37,"column":36},"end":{"line":37,"column":65}}]},"8":{"loc":{"start":{"line":40,"column":4},"end":{"line":42,"column":5}},"type":"if","locations":[{"start":{"line":40,"column":4},"end":{"line":42,"column":5}}]},"9":{"loc":{"start":{"line":40,"column":8},"end":{"line":40,"column":51}},"type":"binary-expr","locations":[{"start":{"line":40,"column":8},"end":{"line":40,"column":25}},{"start":{"line":40,"column":29},"end":{"line":40,"column":51}}]},"10":{"loc":{"start":{"line":43,"column":4},"end":{"line":45,"column":5}},"type":"if","locations":[{"start":{"line":43,"column":4},"end":{"line":45,"column":5}}]},"11":{"loc":{"start":{"line":43,"column":8},"end":{"line":43,"column":51}},"type":"binary-expr","locations":[{"start":{"line":43,"column":8},"end":{"line":43,"column":25}},{"start":{"line":43,"column":29},"end":{"line":43,"column":51}}]},"12":{"loc":{"start":{"line":46,"column":4},"end":{"line":48,"column":5}},"type":"if","locations":[{"start":{"line":46,"column":4},"end":{"line":48,"column":5}}]},"13":{"loc":{"start":{"line":46,"column":8},"end":{"line":46,"column":45}},"type":"binary-expr","locations":[{"start":{"line":46,"column":8},"end":{"line":46,"column":22}},{"start":{"line":46,"column":26},"end":{"line":46,"column":45}}]},"14":{"loc":{"start":{"line":49,"column":4},"end":{"line":51,"column":5}},"type":"if","locations":[{"start":{"line":49,"column":4},"end":{"line":51,"column":5}}]},"15":{"loc":{"start":{"line":49,"column":8},"end":{"line":49,"column":51}},"type":"binary-expr","locations":[{"start":{"line":49,"column":8},"end":{"line":49,"column":25}},{"start":{"line":49,"column":29},"end":{"line":49,"column":51}}]},"16":{"loc":{"start":{"line":52,"column":4},"end":{"line":68,"column":5}},"type":"if","locations":[{"start":{"line":52,"column":4},"end":{"line":68,"column":5}},{"start":{"line":54,"column":11},"end":{"line":68,"column":5}}]},"17":{"loc":{"start":{"line":74,"column":4},"end":{"line":76,"column":5}},"type":"if","locations":[{"start":{"line":74,"column":4},"end":{"line":76,"column":5}}]},"18":{"loc":{"start":{"line":80,"column":4},"end":{"line":87,"column":5}},"type":"if","locations":[{"start":{"line":80,"column":4},"end":{"line":87,"column":5}},{"start":{"line":85,"column":11},"end":{"line":87,"column":5}}]},"19":{"loc":{"start":{"line":82,"column":6},"end":{"line":84,"column":7}},"type":"if","locations":[{"start":{"line":82,"column":6},"end":{"line":84,"column":7}}]}},"s":{"0":1,"1":1,"2":1,"3":1,"4":1,"5":1,"6":1,"7":1,"8":1,"9":1,"10":1,"11":1,"12":12,"13":12,"14":12,"15":2,"16":12,"17":1,"18":12,"19":1,"20":12,"21":1,"22":12,"23":2,"24":12,"25":2,"26":12,"27":2,"28":12,"29":2,"30":12,"31":10,"32":2,"33":2,"34":2,"35":2,"36":2,"37":2,"38":2,"39":2,"40":2,"41":2,"42":2,"43":2,"44":2,"45":1,"46":3,"47":3,"48":3,"49":3,"50":3,"51":1,"52":4,"53":4,"54":3,"55":3,"56":3,"57":1,"58":1,"59":1},"f":{"0":1,"1":12,"2":12,"3":3,"4":3,"5":4,"6":4},"b":{"0":[2],"1":[12,10],"2":[1],"3":[12,11],"4":[1],"5":[12,11],"6":[1],"7":[12,11],"8":[2],"9":[12,10],"10":[2],"11":[12,10],"12":[2],"13":[12,10],"14":[2],"15":[12,10],"16":[10,2],"17":[3],"18":[3,1],"19":[3]}}
,"C:\\Users\\krist\\OneDrive\\Documents\\GitHub\\test-typescript-vg-uppg\\coordinates.ts": {"path":"C:\\Users\\krist\\OneDrive\\Documents\\GitHub\\test-typescript-vg-uppg\\coordinates.ts","statementMap":{"0":{"start":{"line":1,"column":0},"end":{"line":1,"column":26}},"1":{"start":{"line":8,"column":30},"end":{"line":25,"column":2}},"2":{"start":{"line":11,"column":30},"end":{"line":25,"column":2}},"3":{"start":{"line":12,"column":2},"end":{"line":24,"column":3}},"4":{"start":{"line":13,"column":21},"end":{"line":14,"column":null}},"5":{"start":{"line":16,"column":41},"end":{"line":19,"column":6}},"6":{"start":{"line":20,"column":4},"end":{"line":20,"column":23}},"7":{"start":{"line":22,"column":4},"end":{"line":22,"column":40}},"8":{"start":{"line":23,"column":4},"end":{"line":23,"column":30}},"9":{"start":{"line":8,"column":13},"end":{"line":8,"column":30}}},"fnMap":{"0":{"name":"(anonymous_8)","decl":{"start":{"line":8,"column":30},"end":{"line":8,"column":null}},"loc":{"start":{"line":11,"column":30},"end":{"line":25,"column":2}}},"1":{"name":"(anonymous_9)","decl":{"start":{"line":11,"column":30},"end":{"line":11,"column":null}},"loc":{"start":{"line":11,"column":30},"end":{"line":25,"column":1}}}},"branchMap":{},"s":{"0":3,"1":3,"2":8,"3":8,"4":8,"5":5,"6":5,"7":3,"8":3,"9":3},"f":{"0":8,"1":8},"b":{}}
,"C:\\Users\\krist\\OneDrive\\Documents\\GitHub\\test-typescript-vg-uppg\\getCoordinatesWithContact.ts": {"path":"C:\\Users\\krist\\OneDrive\\Documents\\GitHub\\test-typescript-vg-uppg\\getCoordinatesWithContact.ts","statementMap":{"0":{"start":{"line":4,"column":41},"end":{"line":13,"column":1}},"1":{"start":{"line":8,"column":2},"end":{"line":11,"column":null}},"2":{"start":{"line":4,"column":13},"end":{"line":4,"column":41}}},"fnMap":{"0":{"name":"(anonymous_0)","decl":{"start":{"line":4,"column":41},"end":{"line":4,"column":null}},"loc":{"start":{"line":7,"column":4},"end":{"line":13,"column":1}}}},"branchMap":{},"s":{"0":2,"1":3,"2":2},"f":{"0":3},"b":{}}
,"C:\\Users\\krist\\OneDrive\\Documents\\GitHub\\test-typescript-vg-uppg\\dataValidation\\validateEmail.ts": {"path":"C:\\Users\\krist\\OneDrive\\Documents\\GitHub\\test-typescript-vg-uppg\\dataValidation\\validateEmail.ts","statementMap":{"0":{"start":{"line":1,"column":29},"end":{"line":12,"column":1}},"1":{"start":{"line":3,"column":4},"end":{"line":3,"column":189}},"2":{"start":{"line":5,"column":2},"end":{"line":11,"column":3}},"3":{"start":{"line":6,"column":4},"end":{"line":6,"column":17}},"4":{"start":{"line":7,"column":9},"end":{"line":11,"column":3}},"5":{"start":{"line":8,"column":4},"end":{"line":8,"column":16}},"6":{"start":{"line":10,"column":4},"end":{"line":10,"column":17}},"7":{"start":{"line":1,"column":13},"end":{"line":1,"column":29}}},"fnMap":{"0":{"name":"(anonymous_0)","decl":{"start":{"line":1,"column":29},"end":{"line":1,"column":30}},"loc":{"start":{"line":1,"column":56},"end":{"line":12,"column":1}}}},"branchMap":{"0":{"loc":{"start":{"line":5,"column":2},"end":{"line":11,"column":3}},"type":"if","locations":[{"start":{"line":5,"column":2},"end":{"line":11,"column":3}},{"start":{"line":7,"column":9},"end":{"line":11,"column":3}}]},"1":{"loc":{"start":{"line":7,"column":9},"end":{"line":11,"column":3}},"type":"if","locations":[{"start":{"line":7,"column":9},"end":{"line":11,"column":3}},{"start":{"line":9,"column":9},"end":{"line":11,"column":3}}]}},"s":{"0":2,"1":11,"2":11,"3":1,"4":10,"5":3,"6":7,"7":2},"f":{"0":11},"b":{"0":[1,10],"1":[3,7]}}
,"C:\\Users\\krist\\OneDrive\\Documents\\GitHub\\test-typescript-vg-uppg\\dataValidation\\validatePersonalNumber.ts": {"path":"C:\\Users\\krist\\OneDrive\\Documents\\GitHub\\test-typescript-vg-uppg\\dataValidation\\validatePersonalNumber.ts","statementMap":{"0":{"start":{"line":1,"column":38},"end":{"line":22,"column":1}},"1":{"start":{"line":2,"column":2},"end":{"line":4,"column":3}},"2":{"start":{"line":3,"column":4},"end":{"line":3,"column":53}},"3":{"start":{"line":5,"column":31},"end":{"line":5,"column":42}},"4":{"start":{"line":6,"column":16},"end":{"line":6,"column":46}},"5":{"start":{"line":7,"column":14},"end":{"line":7,"column":44}},"6":{"start":{"line":9,"column":2},"end":{"line":21,"column":3}},"7":{"start":{"line":10,"column":4},"end":{"line":10,"column":17}},"8":{"start":{"line":11,"column":9},"end":{"line":21,"column":3}},"9":{"start":{"line":12,"column":4},"end":{"line":12,"column":17}},"10":{"start":{"line":13,"column":9},"end":{"line":21,"column":3}},"11":{"start":{"line":14,"column":4},"end":{"line":14,"column":17}},"12":{"start":{"line":15,"column":9},"end":{"line":21,"column":3}},"13":{"start":{"line":16,"column":4},"end":{"line":16,"column":17}},"14":{"start":{"line":17,"column":9},"end":{"line":21,"column":3}},"15":{"start":{"line":18,"column":4},"end":{"line":18,"column":17}},"16":{"start":{"line":20,"column":4},"end":{"line":20,"column":16}},"17":{"start":{"line":1,"column":13},"end":{"line":1,"column":38}}},"fnMap":{"0":{"name":"(anonymous_0)","decl":{"start":{"line":1,"column":38},"end":{"line":1,"column":39}},"loc":{"start":{"line":1,"column":74},"end":{"line":22,"column":1}}}},"branchMap":{"0":{"loc":{"start":{"line":2,"column":2},"end":{"line":4,"column":3}},"type":"if","locations":[{"start":{"line":2,"column":2},"end":{"line":4,"column":3}}]},"1":{"loc":{"start":{"line":9,"column":2},"end":{"line":21,"column":3}},"type":"if","locations":[{"start":{"line":9,"column":2},"end":{"line":21,"column":3}},{"start":{"line":11,"column":9},"end":{"line":21,"column":3}}]},"2":{"loc":{"start":{"line":11,"column":9},"end":{"line":21,"column":3}},"type":"if","locations":[{"start":{"line":11,"column":9},"end":{"line":21,"column":3}},{"start":{"line":13,"column":9},"end":{"line":21,"column":3}}]},"3":{"loc":{"start":{"line":13,"column":9},"end":{"line":21,"column":3}},"type":"if","locations":[{"start":{"line":13,"column":9},"end":{"line":21,"column":3}},{"start":{"line":15,"column":9},"end":{"line":21,"column":3}}]},"4":{"loc":{"start":{"line":15,"column":9},"end":{"line":21,"column":3}},"type":"if","locations":[{"start":{"line":15,"column":9},"end":{"line":21,"column":3}},{"start":{"line":17,"column":9},"end":{"line":21,"column":3}}]},"5":{"loc":{"start":{"line":15,"column":13},"end":{"line":15,"column":41}},"type":"binary-expr","locations":[{"start":{"line":15,"column":13},"end":{"line":15,"column":25}},{"start":{"line":15,"column":29},"end":{"line":15,"column":41}}]},"6":{"loc":{"start":{"line":17,"column":9},"end":{"line":21,"column":3}},"type":"if","locations":[{"start":{"line":17,"column":9},"end":{"line":21,"column":3}},{"start":{"line":19,"column":9},"end":{"line":21,"column":3}}]},"7":{"loc":{"start":{"line":17,"column":13},"end":{"line":17,"column":37}},"type":"binary-expr","locations":[{"start":{"line":17,"column":13},"end":{"line":17,"column":23}},{"start":{"line":17,"column":27},"end":{"line":17,"column":37}}]}},"s":{"0":2,"1":12,"2":10,"3":12,"4":12,"5":12,"6":12,"7":1,"8":11,"9":5,"10":6,"11":1,"12":5,"13":2,"14":3,"15":1,"16":2,"17":2},"f":{"0":12},"b":{"0":[10],"1":[1,11],"2":[5,6],"3":[1,5],"4":[2,3],"5":[5,3],"6":[1,2],"7":[3,2]}}
,"C:\\Users\\krist\\OneDrive\\Documents\\GitHub\\test-typescript-vg-uppg\\dataValidation\\validateText.ts": {"path":"C:\\Users\\krist\\OneDrive\\Documents\\GitHub\\test-typescript-vg-uppg\\dataValidation\\validateText.ts","statementMap":{"0":{"start":{"line":1,"column":28},"end":{"line":16,"column":1}},"1":{"start":{"line":2,"column":31},"end":{"line":2,"column":36}},"2":{"start":{"line":4,"column":2},"end":{"line":15,"column":3}},"3":{"start":{"line":5,"column":4},"end":{"line":5,"column":17}},"4":{"start":{"line":6,"column":9},"end":{"line":15,"column":3}},"5":{"start":{"line":7,"column":4},"end":{"line":7,"column":17}},"6":{"start":{"line":9,"column":9},"end":{"line":15,"column":3}},"7":{"start":{"line":10,"column":4},"end":{"line":10,"column":17}},"8":{"start":{"line":11,"column":9},"end":{"line":15,"column":3}},"9":{"start":{"line":12,"column":4},"end":{"line":12,"column":17}},"10":{"start":{"line":14,"column":4},"end":{"line":14,"column":16}},"11":{"start":{"line":1,"column":13},"end":{"line":1,"column":28}}},"fnMap":{"0":{"name":"(anonymous_0)","decl":{"start":{"line":1,"column":28},"end":{"line":1,"column":29}},"loc":{"start":{"line":1,"column":54},"end":{"line":16,"column":1}}}},"branchMap":{"0":{"loc":{"start":{"line":4,"column":2},"end":{"line":15,"column":3}},"type":"if","locations":[{"start":{"line":4,"column":2},"end":{"line":15,"column":3}},{"start":{"line":6,"column":9},"end":{"line":15,"column":3}}]},"1":{"loc":{"start":{"line":6,"column":9},"end":{"line":15,"column":3}},"type":"if","locations":[{"start":{"line":6,"column":9},"end":{"line":15,"column":3}},{"start":{"line":9,"column":9},"end":{"line":15,"column":3}}]},"2":{"loc":{"start":{"line":9,"column":9},"end":{"line":15,"column":3}},"type":"if","locations":[{"start":{"line":9,"column":9},"end":{"line":15,"column":3}},{"start":{"line":11,"column":9},"end":{"line":15,"column":3}}]},"3":{"loc":{"start":{"line":11,"column":9},"end":{"line":15,"column":3}},"type":"if","locations":[{"start":{"line":11,"column":9},"end":{"line":15,"column":3}},{"start":{"line":13,"column":9},"end":{"line":15,"column":3}}]}},"s":{"0":2,"1":16,"2":16,"3":1,"4":15,"5":1,"6":14,"7":2,"8":12,"9":1,"10":11,"11":2},"f":{"0":16},"b":{"0":[1,15],"1":[1,14],"2":[2,12],"3":[1,11]}}
,"C:\\Users\\krist\\OneDrive\\Documents\\GitHub\\test-typescript-vg-uppg\\dataValidation\\validateZipCode.ts": {"path":"C:\\Users\\krist\\OneDrive\\Documents\\GitHub\\test-typescript-vg-uppg\\dataValidation\\validateZipCode.ts","statementMap":{"0":{"start":{"line":1,"column":31},"end":{"line":13,"column":1}},"1":{"start":{"line":2,"column":31},"end":{"line":2,"column":42}},"2":{"start":{"line":3,"column":2},"end":{"line":5,"column":3}},"3":{"start":{"line":4,"column":4},"end":{"line":4,"column":39}},"4":{"start":{"line":6,"column":2},"end":{"line":12,"column":3}},"5":{"start":{"line":7,"column":4},"end":{"line":7,"column":17}},"6":{"start":{"line":8,"column":9},"end":{"line":12,"column":3}},"7":{"start":{"line":9,"column":4},"end":{"line":9,"column":17}},"8":{"start":{"line":11,"column":4},"end":{"line":11,"column":16}},"9":{"start":{"line":1,"column":13},"end":{"line":1,"column":31}}},"fnMap":{"0":{"name":"(anonymous_0)","decl":{"start":{"line":1,"column":31},"end":{"line":1,"column":32}},"loc":{"start":{"line":1,"column":60},"end":{"line":13,"column":1}}}},"branchMap":{"0":{"loc":{"start":{"line":3,"column":2},"end":{"line":5,"column":3}},"type":"if","locations":[{"start":{"line":3,"column":2},"end":{"line":5,"column":3}}]},"1":{"loc":{"start":{"line":6,"column":2},"end":{"line":12,"column":3}},"type":"if","locations":[{"start":{"line":6,"column":2},"end":{"line":12,"column":3}},{"start":{"line":8,"column":9},"end":{"line":12,"column":3}}]},"2":{"loc":{"start":{"line":8,"column":9},"end":{"line":12,"column":3}},"type":"if","locations":[{"start":{"line":8,"column":9},"end":{"line":12,"column":3}},{"start":{"line":10,"column":9},"end":{"line":12,"column":3}}]}},"s":{"0":2,"1":8,"2":8,"3":3,"4":8,"5":3,"6":5,"7":1,"8":4,"9":2},"f":{"0":8},"b":{"0":[3],"1":[3,5],"2":[1,4]}}
}
