{"C:\\Users\\krist\\OneDrive\\Documents\\GitHub\\test-typescript-vg-uppg\\validateEmail.ts": {"path":"C:\\Users\\krist\\OneDrive\\Documents\\GitHub\\test-typescript-vg-uppg\\validateEmail.ts","statementMap":{"0":{"start":{"line":1,"column":29},"end":{"line":12,"column":1}},"1":{"start":{"line":3,"column":4},"end":{"line":3,"column":189}},"2":{"start":{"line":5,"column":2},"end":{"line":11,"column":3}},"3":{"start":{"line":6,"column":4},"end":{"line":6,"column":17}},"4":{"start":{"line":7,"column":9},"end":{"line":11,"column":3}},"5":{"start":{"line":8,"column":4},"end":{"line":8,"column":16}},"6":{"start":{"line":10,"column":4},"end":{"line":10,"column":17}},"7":{"start":{"line":1,"column":13},"end":{"line":1,"column":29}}},"fnMap":{"0":{"name":"(anonymous_0)","decl":{"start":{"line":1,"column":29},"end":{"line":1,"column":30}},"loc":{"start":{"line":1,"column":56},"end":{"line":12,"column":1}}}},"branchMap":{"0":{"loc":{"start":{"line":5,"column":2},"end":{"line":11,"column":3}},"type":"if","locations":[{"start":{"line":5,"column":2},"end":{"line":11,"column":3}},{"start":{"line":7,"column":9},"end":{"line":11,"column":3}}]},"1":{"loc":{"start":{"line":7,"column":9},"end":{"line":11,"column":3}},"type":"if","locations":[{"start":{"line":7,"column":9},"end":{"line":11,"column":3}},{"start":{"line":9,"column":9},"end":{"line":11,"column":3}}]}},"s":{"0":1,"1":9,"2":9,"3":1,"4":8,"5":1,"6":7,"7":1},"f":{"0":9},"b":{"0":[1,8],"1":[1,7]}}
,"C:\\Users\\krist\\OneDrive\\Documents\\GitHub\\test-typescript-vg-uppg\\validatePersonalNumber.ts": {"path":"C:\\Users\\krist\\OneDrive\\Documents\\GitHub\\test-typescript-vg-uppg\\validatePersonalNumber.ts","statementMap":{"0":{"start":{"line":1,"column":38},"end":{"line":22,"column":1}},"1":{"start":{"line":2,"column":2},"end":{"line":4,"column":3}},"2":{"start":{"line":3,"column":4},"end":{"line":3,"column":53}},"3":{"start":{"line":5,"column":31},"end":{"line":5,"column":42}},"4":{"start":{"line":6,"column":16},"end":{"line":6,"column":46}},"5":{"start":{"line":7,"column":14},"end":{"line":7,"column":44}},"6":{"start":{"line":9,"column":2},"end":{"line":21,"column":3}},"7":{"start":{"line":10,"column":4},"end":{"line":10,"column":17}},"8":{"start":{"line":11,"column":9},"end":{"line":21,"column":3}},"9":{"start":{"line":12,"column":4},"end":{"line":12,"column":17}},"10":{"start":{"line":13,"column":9},"end":{"line":21,"column":3}},"11":{"start":{"line":14,"column":4},"end":{"line":14,"column":17}},"12":{"start":{"line":15,"column":9},"end":{"line":21,"column":3}},"13":{"start":{"line":16,"column":4},"end":{"line":16,"column":17}},"14":{"start":{"line":17,"column":9},"end":{"line":21,"column":3}},"15":{"start":{"line":18,"column":4},"end":{"line":18,"column":17}},"16":{"start":{"line":20,"column":4},"end":{"line":20,"column":16}},"17":{"start":{"line":1,"column":13},"end":{"line":1,"column":38}}},"fnMap":{"0":{"name":"(anonymous_0)","decl":{"start":{"line":1,"column":38},"end":{"line":1,"column":39}},"loc":{"start":{"line":1,"column":74},"end":{"line":22,"column":1}}}},"branchMap":{"0":{"loc":{"start":{"line":2,"column":2},"end":{"line":4,"column":3}},"type":"if","locations":[{"start":{"line":2,"column":2},"end":{"line":4,"column":3}}]},"1":{"loc":{"start":{"line":9,"column":2},"end":{"line":21,"column":3}},"type":"if","locations":[{"start":{"line":9,"column":2},"end":{"line":21,"column":3}},{"start":{"line":11,"column":9},"end":{"line":21,"column":3}}]},"2":{"loc":{"start":{"line":11,"column":9},"end":{"line":21,"column":3}},"type":"if","locations":[{"start":{"line":11,"column":9},"end":{"line":21,"column":3}},{"start":{"line":13,"column":9},"end":{"line":21,"column":3}}]},"3":{"loc":{"start":{"line":13,"column":9},"end":{"line":21,"column":3}},"type":"if","locations":[{"start":{"line":13,"column":9},"end":{"line":21,"column":3}},{"start":{"line":15,"column":9},"end":{"line":21,"column":3}}]},"4":{"loc":{"start":{"line":15,"column":9},"end":{"line":21,"column":3}},"type":"if","locations":[{"start":{"line":15,"column":9},"end":{"line":21,"column":3}},{"start":{"line":17,"column":9},"end":{"line":21,"column":3}}]},"5":{"loc":{"start":{"line":15,"column":13},"end":{"line":15,"column":41}},"type":"binary-expr","locations":[{"start":{"line":15,"column":13},"end":{"line":15,"column":25}},{"start":{"line":15,"column":29},"end":{"line":15,"column":41}}]},"6":{"loc":{"start":{"line":17,"column":9},"end":{"line":21,"column":3}},"type":"if","locations":[{"start":{"line":17,"column":9},"end":{"line":21,"column":3}},{"start":{"line":19,"column":9},"end":{"line":21,"column":3}}]},"7":{"loc":{"start":{"line":17,"column":13},"end":{"line":17,"column":37}},"type":"binary-expr","locations":[{"start":{"line":17,"column":13},"end":{"line":17,"column":23}},{"start":{"line":17,"column":27},"end":{"line":17,"column":37}}]}},"s":{"0":1,"1":10,"2":8,"3":10,"4":10,"5":10,"6":10,"7":1,"8":9,"9":5,"10":4,"11":1,"12":3,"13":1,"14":2,"15":1,"16":1,"17":1},"f":{"0":10},"b":{"0":[8],"1":[1,9],"2":[5,4],"3":[1,3],"4":[1,2],"5":[3,2],"6":[1,1],"7":[2,1]}}
,"C:\\Users\\krist\\OneDrive\\Documents\\GitHub\\test-typescript-vg-uppg\\validateText.ts": {"path":"C:\\Users\\krist\\OneDrive\\Documents\\GitHub\\test-typescript-vg-uppg\\validateText.ts","statementMap":{"0":{"start":{"line":1,"column":28},"end":{"line":16,"column":1}},"1":{"start":{"line":2,"column":31},"end":{"line":2,"column":36}},"2":{"start":{"line":4,"column":2},"end":{"line":15,"column":3}},"3":{"start":{"line":5,"column":4},"end":{"line":5,"column":17}},"4":{"start":{"line":6,"column":9},"end":{"line":15,"column":3}},"5":{"start":{"line":7,"column":4},"end":{"line":7,"column":17}},"6":{"start":{"line":9,"column":9},"end":{"line":15,"column":3}},"7":{"start":{"line":10,"column":4},"end":{"line":10,"column":17}},"8":{"start":{"line":11,"column":9},"end":{"line":15,"column":3}},"9":{"start":{"line":12,"column":4},"end":{"line":12,"column":17}},"10":{"start":{"line":14,"column":4},"end":{"line":14,"column":16}},"11":{"start":{"line":1,"column":13},"end":{"line":1,"column":28}}},"fnMap":{"0":{"name":"(anonymous_0)","decl":{"start":{"line":1,"column":28},"end":{"line":1,"column":29}},"loc":{"start":{"line":1,"column":54},"end":{"line":16,"column":1}}}},"branchMap":{"0":{"loc":{"start":{"line":4,"column":2},"end":{"line":15,"column":3}},"type":"if","locations":[{"start":{"line":4,"column":2},"end":{"line":15,"column":3}},{"start":{"line":6,"column":9},"end":{"line":15,"column":3}}]},"1":{"loc":{"start":{"line":6,"column":9},"end":{"line":15,"column":3}},"type":"if","locations":[{"start":{"line":6,"column":9},"end":{"line":15,"column":3}},{"start":{"line":9,"column":9},"end":{"line":15,"column":3}}]},"2":{"loc":{"start":{"line":9,"column":9},"end":{"line":15,"column":3}},"type":"if","locations":[{"start":{"line":9,"column":9},"end":{"line":15,"column":3}},{"start":{"line":11,"column":9},"end":{"line":15,"column":3}}]},"3":{"loc":{"start":{"line":11,"column":9},"end":{"line":15,"column":3}},"type":"if","locations":[{"start":{"line":11,"column":9},"end":{"line":15,"column":3}},{"start":{"line":13,"column":9},"end":{"line":15,"column":3}}]}},"s":{"0":1,"1":6,"2":6,"3":1,"4":5,"5":1,"6":4,"7":2,"8":2,"9":1,"10":1,"11":1},"f":{"0":6},"b":{"0":[1,5],"1":[1,4],"2":[2,2],"3":[1,1]}}
,"C:\\Users\\krist\\OneDrive\\Documents\\GitHub\\test-typescript-vg-uppg\\validateZipCode.ts": {"path":"C:\\Users\\krist\\OneDrive\\Documents\\GitHub\\test-typescript-vg-uppg\\validateZipCode.ts","statementMap":{"0":{"start":{"line":1,"column":31},"end":{"line":15,"column":1}},"1":{"start":{"line":2,"column":31},"end":{"line":2,"column":42}},"2":{"start":{"line":4,"column":2},"end":{"line":6,"column":3}},"3":{"start":{"line":5,"column":4},"end":{"line":5,"column":39}},"4":{"start":{"line":8,"column":2},"end":{"line":14,"column":3}},"5":{"start":{"line":9,"column":4},"end":{"line":9,"column":17}},"6":{"start":{"line":10,"column":9},"end":{"line":14,"column":3}},"7":{"start":{"line":11,"column":4},"end":{"line":11,"column":17}},"8":{"start":{"line":13,"column":4},"end":{"line":13,"column":16}},"9":{"start":{"line":1,"column":13},"end":{"line":1,"column":31}}},"fnMap":{"0":{"name":"(anonymous_0)","decl":{"start":{"line":1,"column":31},"end":{"line":1,"column":32}},"loc":{"start":{"line":1,"column":60},"end":{"line":15,"column":1}}}},"branchMap":{"0":{"loc":{"start":{"line":4,"column":2},"end":{"line":6,"column":3}},"type":"if","locations":[{"start":{"line":4,"column":2},"end":{"line":6,"column":3}}]},"1":{"loc":{"start":{"line":8,"column":2},"end":{"line":14,"column":3}},"type":"if","locations":[{"start":{"line":8,"column":2},"end":{"line":14,"column":3}},{"start":{"line":10,"column":9},"end":{"line":14,"column":3}}]},"2":{"loc":{"start":{"line":10,"column":9},"end":{"line":14,"column":3}},"type":"if","locations":[{"start":{"line":10,"column":9},"end":{"line":14,"column":3}},{"start":{"line":12,"column":9},"end":{"line":14,"column":3}}]}},"s":{"0":1,"1":6,"2":6,"3":1,"4":6,"5":3,"6":3,"7":1,"8":2,"9":1},"f":{"0":6},"b":{"0":[1],"1":[3,3],"2":[1,2]}}
}
