TN:
SF:coordinates.ts
FN:15,(anonymous_7)
FN:15,(anonymous_8)
FN:22,(anonymous_9)
FNF:3
FNH:2
FNDA:1,(anonymous_7)
FNDA:1,(anonymous_8)
FNDA:0,(anonymous_9)
DA:8,2
DA:15,2
DA:16,1
DA:22,0
DA:24,0
DA:27,0
DA:28,0
LF:7
LH:3
BRF:0
BRH:0
end_of_record
TN:
SF:getCoordinatesWithContact.ts
FN:4,(anonymous_0)
FNF:1
FNH:1
FNDA:1,(anonymous_0)
DA:4,1
DA:8,1
DA:9,1
LF:3
LH:3
BRF:0
BRH:0
end_of_record
TN:
SF:validateEmail.ts
FN:1,(anonymous_0)
FNF:1
FNH:1
FNDA:9,(anonymous_0)
DA:1,1
DA:3,9
DA:5,9
DA:6,1
DA:7,8
DA:8,1
DA:10,7
LF:7
LH:7
BRDA:5,0,0,1
BRDA:5,0,1,8
BRDA:7,1,0,1
BRDA:7,1,1,7
BRF:4
BRH:4
end_of_record
TN:
SF:validatePersonalNumber.ts
FN:1,(anonymous_0)
FNF:1
FNH:1
FNDA:10,(anonymous_0)
DA:1,1
DA:2,10
DA:3,8
DA:5,10
DA:6,10
DA:7,10
DA:9,10
DA:10,1
DA:11,9
DA:12,5
DA:13,4
DA:14,1
DA:15,3
DA:16,1
DA:17,2
DA:18,1
DA:20,1
LF:17
LH:17
BRDA:2,0,0,8
BRDA:9,1,0,1
BRDA:9,1,1,9
BRDA:11,2,0,5
BRDA:11,2,1,4
BRDA:13,3,0,1
BRDA:13,3,1,3
BRDA:15,4,0,1
BRDA:15,4,1,2
BRDA:15,5,0,3
BRDA:15,5,1,2
BRDA:17,6,0,1
BRDA:17,6,1,1
BRDA:17,7,0,2
BRDA:17,7,1,1
BRF:15
BRH:15
end_of_record
TN:
SF:validateText.ts
FN:1,(anonymous_0)
FNF:1
FNH:1
FNDA:6,(anonymous_0)
DA:1,1
DA:2,6
DA:4,6
DA:5,1
DA:6,5
DA:7,1
DA:9,4
DA:10,2
DA:11,2
DA:12,1
DA:14,1
LF:11
LH:11
BRDA:4,0,0,1
BRDA:4,0,1,5
BRDA:6,1,0,1
BRDA:6,1,1,4
BRDA:9,2,0,2
BRDA:9,2,1,2
BRDA:11,3,0,1
BRDA:11,3,1,1
BRF:8
BRH:8
end_of_record
TN:
SF:validateZipCode.ts
FN:1,(anonymous_0)
FNF:1
FNH:1
FNDA:6,(anonymous_0)
DA:1,1
DA:2,6
DA:4,6
DA:5,1
DA:8,6
DA:9,3
DA:10,3
DA:11,1
DA:13,2
LF:9
LH:9
BRDA:4,0,0,1
BRDA:8,1,0,3
BRDA:8,1,1,3
BRDA:10,2,0,1
BRDA:10,2,1,2
BRF:5
BRH:5
end_of_record
