TN:
SF:app.ts
FN:17,(anonymous_14)
FN:25,(anonymous_15)
FN:25,(anonymous_16)
FN:71,(anonymous_17)
FN:71,(anonymous_18)
FN:79,(anonymous_19)
FN:79,(anonymous_20)
FNF:7
FNH:7
FNDA:1,(anonymous_14)
FNDA:12,(anonymous_15)
FNDA:12,(anonymous_16)
FNDA:3,(anonymous_17)
FNDA:3,(anonymous_18)
FNDA:4,(anonymous_19)
FNDA:4,(anonymous_20)
DA:1,1
DA:2,1
DA:4,1
DA:5,1
DA:6,1
DA:7,1
DA:8,1
DA:9,1
DA:17,1
DA:22,1
DA:23,1
DA:25,12
DA:26,12
DA:28,12
DA:29,2
DA:31,12
DA:32,1
DA:34,12
DA:35,1
DA:37,12
DA:38,1
DA:40,12
DA:41,2
DA:43,12
DA:44,2
DA:46,12
DA:47,2
DA:49,12
DA:50,2
DA:52,12
DA:53,10
DA:55,2
DA:56,2
DA:57,2
DA:58,2
DA:59,2
DA:60,2
DA:61,2
DA:62,2
DA:63,2
DA:64,2
DA:65,2
DA:66,2
DA:67,2
DA:71,3
DA:72,3
DA:73,3
DA:74,3
DA:75,3
DA:79,4
DA:80,4
DA:81,3
DA:82,3
DA:83,3
DA:86,1
DA:90,1
LF:56
LH:56
BRDA:28,0,0,2
BRDA:28,1,0,12
BRDA:28,1,1,10
BRDA:31,2,0,1
BRDA:31,3,0,12
BRDA:31,3,1,11
BRDA:34,4,0,1
BRDA:34,5,0,12
BRDA:34,5,1,11
BRDA:37,6,0,1
BRDA:37,7,0,12
BRDA:37,7,1,11
BRDA:40,8,0,2
BRDA:40,9,0,12
BRDA:40,9,1,10
BRDA:43,10,0,2
BRDA:43,11,0,12
BRDA:43,11,1,10
BRDA:46,12,0,2
BRDA:46,13,0,12
BRDA:46,13,1,10
BRDA:49,14,0,2
BRDA:49,15,0,12
BRDA:49,15,1,10
BRDA:52,16,0,10
BRDA:52,16,1,2
BRDA:74,17,0,3
BRDA:80,18,0,3
BRDA:80,18,1,1
BRDA:82,19,0,3
BRF:30
BRH:30
end_of_record
TN:
SF:coordinates.ts
FN:8,(anonymous_8)
FN:11,(anonymous_9)
FNF:2
FNH:2
FNDA:8,(anonymous_8)
FNDA:8,(anonymous_9)
DA:1,3
DA:8,3
DA:11,8
DA:12,8
DA:13,8
DA:16,5
DA:20,5
DA:22,3
DA:23,3
LF:9
LH:9
BRF:0
BRH:0
end_of_record
TN:
SF:getCoordinatesWithContact.ts
FN:4,(anonymous_0)
FNF:1
FNH:1
FNDA:3,(anonymous_0)
DA:4,2
DA:8,3
LF:2
LH:2
BRF:0
BRH:0
end_of_record
TN:
SF:dataValidation\validateEmail.ts
FN:1,(anonymous_0)
FNF:1
FNH:1
FNDA:11,(anonymous_0)
DA:1,2
DA:3,11
DA:5,11
DA:6,1
DA:7,10
DA:8,3
DA:10,7
LF:7
LH:7
BRDA:5,0,0,1
BRDA:5,0,1,10
BRDA:7,1,0,3
BRDA:7,1,1,7
BRF:4
BRH:4
end_of_record
TN:
SF:dataValidation\validatePersonalNumber.ts
FN:1,(anonymous_0)
FNF:1
FNH:1
FNDA:12,(anonymous_0)
DA:1,2
DA:2,12
DA:3,10
DA:5,12
DA:6,12
DA:7,12
DA:9,12
DA:10,1
DA:11,11
DA:12,5
DA:13,6
DA:14,1
DA:15,5
DA:16,2
DA:17,3
DA:18,1
DA:20,2
LF:17
LH:17
BRDA:2,0,0,10
BRDA:9,1,0,1
BRDA:9,1,1,11
BRDA:11,2,0,5
BRDA:11,2,1,6
BRDA:13,3,0,1
BRDA:13,3,1,5
BRDA:15,4,0,2
BRDA:15,4,1,3
BRDA:15,5,0,5
BRDA:15,5,1,3
BRDA:17,6,0,1
BRDA:17,6,1,2
BRDA:17,7,0,3
BRDA:17,7,1,2
BRF:15
BRH:15
end_of_record
TN:
SF:dataValidation\validateText.ts
FN:1,(anonymous_0)
FNF:1
FNH:1
FNDA:16,(anonymous_0)
DA:1,2
DA:2,16
DA:4,16
DA:5,1
DA:6,15
DA:7,1
DA:9,14
DA:10,2
DA:11,12
DA:12,1
DA:14,11
LF:11
LH:11
BRDA:4,0,0,1
BRDA:4,0,1,15
BRDA:6,1,0,1
BRDA:6,1,1,14
BRDA:9,2,0,2
BRDA:9,2,1,12
BRDA:11,3,0,1
BRDA:11,3,1,11
BRF:8
BRH:8
end_of_record
TN:
SF:dataValidation\validateZipCode.ts
FN:1,(anonymous_0)
FNF:1
FNH:1
FNDA:8,(anonymous_0)
DA:1,2
DA:2,8
DA:3,8
DA:4,3
DA:6,8
DA:7,3
DA:8,5
DA:9,1
DA:11,4
LF:9
LH:9
BRDA:3,0,0,3
BRDA:6,1,0,3
BRDA:6,1,1,5
BRDA:8,2,0,1
BRDA:8,2,1,4
BRF:5
BRH:5
end_of_record
